<component name="libraryTable">
  <library name="junit">
    <CLASSES>
      <root url="jar://$PROJECT_DIR$/third-party/java/hamcrest/hamcrest-junit-2.0.0.0.jar!/" />
      <root url="jar://$PROJECT_DIR$/third-party/java/hamcrest/hamcrest-2.1-rc3.jar!/" />
      <root url="jar://$PROJECT_DIR$/third-party/java/junit/junit-4.13.jar!/" />
    </CLASSES>
    <JAVADOC />
    <SOURCES>
      <root url="jar://$PROJECT_DIR$/third-party/java/hamcrest/hamcrest-junit-2.0.0.0-sources.jar!/" />
      <root url="jar://$PROJECT_DIR$/third-party/java/hamcrest/hamcrest-2.1-rc3-sources.jar!/" />
      <root url="jar://$PROJECT_DIR$/third-party/java/junit/junit-4.13-sources.jar!/" />
    </SOURCES>
  </library>
</component>